<?xml version="1.0" encoding="UTF-8"?>
<!-- Generated by org.testng.reporters.JUnitXMLReporter -->
<testsuite hostname="LAPTOP-V1GOJHKS" ignored="0" name="Default test" tests="5" failures="0" timestamp="27 Feb 2022 07:08:50 GMT" time="317.543" errors="0">
  <testcase name="test" time="68.153" classname="org.runner.logesh"/>
  <testcase name="test" time="58.003" classname="org.runner.logesh"/>
  <testcase name="test" time="81.393" classname="org.runner.logesh"/>
  <testcase name="test" time="50.401" classname="org.runner.logesh"/>
  <testcase name="test" time="59.479" classname="org.runner.logesh"/>
</testsuite> <!-- Default test -->
