<?xml version="1.0" encoding="UTF-8"?>
<testng-results skipped="0" failed="0" ignored="0" total="5" passed="5">
  <reporter-output>
  </reporter-output>
  <suite name="Default suite" duration-ms="317543" started-at="2022-02-27T07:03:32Z" finished-at="2022-02-27T07:08:50Z">
    <groups>
    </groups>
    <test name="Default test" duration-ms="317543" started-at="2022-02-27T07:03:32Z" finished-at="2022-02-27T07:08:50Z">
      <class name="org.runner.logesh">
        <test-method status="PASS" signature="test()[pri:0, instance:org.runner.logesh@42d80b78]" name="test" duration-ms="68153" started-at="2022-02-27T12:33:32Z" finished-at="2022-02-27T12:34:40Z">
          <reporter-output>
          </reporter-output>
        </test-method> <!-- test -->
        <test-method status="PASS" signature="test()[pri:0, instance:org.runner.logesh@42d80b78]" name="test" duration-ms="58003" started-at="2022-02-27T12:34:40Z" finished-at="2022-02-27T12:35:38Z">
          <reporter-output>
          </reporter-output>
        </test-method> <!-- test -->
        <test-method status="PASS" signature="test()[pri:0, instance:org.runner.logesh@42d80b78]" name="test" duration-ms="81393" started-at="2022-02-27T12:35:38Z" finished-at="2022-02-27T12:37:00Z">
          <reporter-output>
          </reporter-output>
        </test-method> <!-- test -->
        <test-method status="PASS" signature="test()[pri:0, instance:org.runner.logesh@42d80b78]" name="test" duration-ms="50401" started-at="2022-02-27T12:37:00Z" finished-at="2022-02-27T12:37:50Z">
          <reporter-output>
          </reporter-output>
        </test-method> <!-- test -->
        <test-method status="PASS" signature="test()[pri:0, instance:org.runner.logesh@42d80b78]" name="test" duration-ms="59479" started-at="2022-02-27T12:37:50Z" finished-at="2022-02-27T12:38:50Z">
          <reporter-output>
          </reporter-output>
        </test-method> <!-- test -->
      </class> <!-- org.runner.logesh -->
    </test> <!-- Default test -->
  </suite> <!-- Default suite -->
</testng-results>
